<?xml version="1.0" encoding="UTF-8"?>
<!-- Generated by org.testng.reporters.JUnitReportReporter -->
<testsuite hostname="EPUAFRAW0038" failures="0" tests="1" name="core.tests.launches.ProfileIconNavigationTests" time="10.716" errors="0" timestamp="2023-04-17T18:31:30 EEST" skipped="0">
  <testcase classname="core.tests.launches.ProfileIconNavigationTests" name="userAbleToOpenProfilePage" time="10.716"/>
  <system-out/>
</testsuite> <!-- core.tests.launches.ProfileIconNavigationTests -->
